<?xml version="1.0" encoding="UTF-8"?>
<!-- Generated by org.testng.reporters.JUnitXMLReporter -->
<testsuite hostname="LAPTOP-UL6LP02B" ignored="2" name="ChromeTest" tests="1" failures="0" timestamp="08 Jun 2018 04:39:51 GMT" time="31.247" errors="0">
  <testcase name="verifylogin" time="3.565" classname="com.pagelibrary.com.Ranford.TestExecution"/>
  <testcase name="newBranch" time="0.0" classname="com.pagelibrary.com.Ranford.TestExecution">
    <ignored/>
  </testcase> <!-- newBranch -->
  <testcase name="verify_content" time="0.0" classname="com.pagelibrary.com.Ranford.TestExecution">
    <ignored/>
  </testcase> <!-- verify_content -->
</testsuite> <!-- ChromeTest -->
