<?xml version="1.0" encoding="UTF-8"?>
<!-- Generated by org.testng.reporters.JUnitXMLReporter -->
<testsuite hostname="LAPTOP-UL6LP02B" ignored="3" tests="0" failures="0" timestamp="08 Jun 2018 04:39:20 GMT" time="12.415" errors="0">
  <testcase name="newBranch" time="0.0" classname="com.pagelibrary.com.Ranford.TestExecution">
    <ignored/>
  </testcase> <!-- newBranch -->
  <testcase name="verify_content" time="0.0" classname="com.pagelibrary.com.Ranford.TestExecution">
    <ignored/>
  </testcase> <!-- verify_content -->
  <testcase name="verifylogin" time="0.0" classname="com.pagelibrary.com.Ranford.TestExecution">
    <ignored/>
  </testcase> <!-- verifylogin -->
</testsuite>
