<?xml version="1.0" encoding="UTF-8"?>
<!-- Generated by org.testng.reporters.JUnitXMLReporter -->
<testsuite hostname="LAPTOP-UL6LP02B" ignored="2" name="Test" tests="1" failures="0" timestamp="07 Jun 2018 02:59:52 GMT" time="24.785" errors="0">
  <testcase name="verifylogin" time="3.412" classname="com.pagelibrary.com.Ranford.TestExecution"/>
  <testcase name="newBranch" time="0.0" classname="com.pagelibrary.com.Ranford.TestExecution">
    <ignored/>
  </testcase> <!-- newBranch -->
  <testcase name="verify_content" time="0.0" classname="com.pagelibrary.com.Ranford.TestExecution">
    <ignored/>
  </testcase> <!-- verify_content -->
</testsuite> <!-- Test -->
